<?xml version="1.0" encoding="UTF-8"?>
<testng-results ignored="0" total="1" passed="1" failed="0" skipped="0">
  <reporter-output>
  </reporter-output>
  <suite started-at="2025-02-03T15:39:35 IST" name="Default suite" finished-at="2025-02-03T15:40:49 IST" duration-ms="73529">
    <groups>
      <group name="cucumber">
        <method signature="AbstractTestNGCucumberTests.runScenario(io.cucumber.testng.PickleWrapper,io.cucumber.testng.FeatureWrapper)[pri:0, instance:runner.TestNGrunner@5e5d171f]" name="runScenario" class="io.cucumber.testng.AbstractTestNGCucumberTests"/>
      </group> <!-- cucumber -->
    </groups>
    <test started-at="2025-02-03T15:39:35 IST" name="Default test" finished-at="2025-02-03T15:40:49 IST" duration-ms="73529">
      <class name="runner.TestNGrunner">
        <test-method is-config="true" signature="setUpClass(org.testng.ITestContext)[pri:0, instance:runner.TestNGrunner@5e5d171f]" started-at="2025-02-03T15:39:35 IST" name="setUpClass" finished-at="2025-02-03T15:39:37 IST" duration-ms="1437" status="PASS">
          <params>
            <param index="0">
              <value>
                <![CDATA[org.testng.TestRunner@2921199d]]>
              </value>
            </param>
          </params>
          <reporter-output>
          </reporter-output>
        </test-method> <!-- setUpClass -->
        <test-method signature="runScenario(io.cucumber.testng.PickleWrapper,io.cucumber.testng.FeatureWrapper)[pri:0, instance:runner.TestNGrunner@5e5d171f]" started-at="2025-02-03T15:39:37 IST" name="runScenario" description="Runs Cucumber Scenarios" data-provider="scenarios" finished-at="2025-02-03T15:40:48 IST" duration-ms="71199" status="PASS">
          <params>
            <param index="0">
              <value>
                <![CDATA["Book a bus from Bangalore to Coimbatore"]]>
              </value>
            </param>
            <param index="1">
              <value>
                <![CDATA["Book Bus Ticket on AbhiBus Website"]]>
              </value>
            </param>
          </params>
          <reporter-output>
          </reporter-output>
        </test-method> <!-- runScenario -->
        <test-method is-config="true" signature="tearDownClass()[pri:0, instance:runner.TestNGrunner@5e5d171f]" started-at="2025-02-03T15:40:48 IST" name="tearDownClass" finished-at="2025-02-03T15:40:49 IST" duration-ms="831" status="PASS">
          <reporter-output>
          </reporter-output>
        </test-method> <!-- tearDownClass -->
      </class> <!-- runner.TestNGrunner -->
    </test> <!-- Default test -->
  </suite> <!-- Default suite -->
</testng-results>
